

Microchip MPLAB XC8 Assembler V2.46 build 20240104201356 
                                                                                               Sat Aug 02 03:04:37 2025

Microchip MPLAB XC8 C Compiler v2.46 (Free license) build 20240104201356 Og1 
     1                           	processor	18F4620
     2                           	fnconf	rparam,??,?,0
     3                           	pagewidth 120
     4                           	opt	flic
     5                           	psect	idataCOMRAM,global,class=CODE,delta=1,noexec
     6                           	psect	nvCOMRAM,global,class=COMRAM,space=1,delta=1,lowdata,noexec
     7                           	psect	cinit,global,reloc=2,class=CODE,delta=1
     8                           	psect	bssCOMRAM,global,class=COMRAM,space=1,delta=1,lowdata,noexec
     9                           	psect	dataCOMRAM,global,class=COMRAM,space=1,delta=1,lowdata,noexec
    10                           	psect	cstackCOMRAM,global,class=COMRAM,space=1,delta=1,lowdata,noexec
    11                           	psect	text0,global,reloc=2,class=CODE,delta=1
    12                           	psect	text1,global,reloc=2,class=CODE,delta=1
    13                           	psect	text2,global,reloc=2,class=CODE,delta=1
    14                           	psect	text3,global,reloc=2,class=CODE,delta=1
    15                           	psect	text4,global,reloc=2,class=CODE,delta=1,group=1
    16                           	psect	text5,global,reloc=2,class=CODE,delta=1,group=1
    17                           	psect	smallconst,global,reloc=2,class=SMALLCONST,delta=1,noexec
    18                           	psect	intsave_regs,global,class=BIGRAM,space=1,delta=1,noexec
    19                           	psect	rparam,global,class=COMRAM,space=1,delta=1,noexec
    20                           	psect	config,global,abs,ovrld,class=CONFIG,space=4,delta=1,noexec
    21   000000                     
    22                           ; Generated 17/10/2023 GMT
    23                           ; 
    24                           ; Copyright © 2023, Microchip Technology Inc. and its subsidiaries ("Microchip")
    25                           ; All rights reserved.
    26                           ; 
    27                           ; This software is developed by Microchip Technology Inc. and its subsidiaries ("Microch
      +                          ip").
    28                           ; 
    29                           ; Redistribution and use in source and binary forms, with or without modification, are
    30                           ; permitted provided that the following conditions are met:
    31                           ; 
    32                           ;     1. Redistributions of source code must retain the above copyright notice, this lis
      +                          t of
    33                           ;        conditions and the following disclaimer.
    34                           ; 
    35                           ;     2. Redistributions in binary form must reproduce the above copyright notice, this 
      +                          list
    36                           ;        of conditions and the following disclaimer in the documentation and/or other
    37                           ;        materials provided with the distribution. Publication is not required when
    38                           ;        this file is used in an embedded application.
    39                           ; 
    40                           ;     3. Microchip's name may not be used to endorse or promote products derived from th
      +                          is
    41                           ;        software without specific prior written permission.
    42                           ; 
    43                           ; THIS SOFTWARE IS PROVIDED BY MICROCHIP "AS IS" AND ANY EXPRESS OR IMPLIED WARRANTIES,
    44                           ; INCLUDING, BUT NOT LIMITED TO, THE IMPLIED WARRANTIES OF MERCHANTABILITY AND FITNESS F
      +                          OR
    45                           ; PURPOSE ARE DISCLAIMED.  IN NO EVENT SHALL MICROCHIP BE LIABLE FOR ANY DIRECT, INDIREC
      +                          T,
    46                           ; INCIDENTAL, SPECIAL, EXEMPLARY, OR CONSEQUENTIAL DAMAGES (INCLUDING BUT NOT LIMITED TO
    47                           ; PROCUREMENT OF SUBSTITUTE GOODS OR SERVICES; LOSS OF USE, DATA OR PROFITS; OR BUSINESS
    48                           ; INTERRUPTION) HOWSOEVER CAUSED AND ON ANY THEORY OF LIABILITY, WHETHER IN CONTRACT, ST
      +                          RICT
    49                           ; LIABILITY, OR TORT (INCLUDING NEGLIGENCE OR OTHERWISE) ARISING IN ANY WAY OUT OF THE U
      +                          SE OF
    50                           ; THIS SOFTWARE, EVEN IF ADVISED OF THE POSSIBILITY OF SUCH DAMAGE.
    51                           ; 
    52                           ; 
    53                           ; Code-generator required, PIC18F4620 Definitions
    54                           ; 
    55                           ; SFR Addresses
    56   000000                     
    57                           	psect	idataCOMRAM
    58   001296                     __pidataCOMRAM:
    59                           	callstack 0
    60                           
    61                           ;initializer for _port_registers
    62   001296  80                 	db	128
    63   001297  0F                 	db	15
    64   001298  81                 	db	129
    65   001299  0F                 	db	15
    66   00129A  82                 	db	130
    67   00129B  0F                 	db	15
    68   00129C  83                 	db	131
    69   00129D  0F                 	db	15
    70   00129E  84                 	db	132
    71   00129F  0F                 	db	15
    72                           
    73                           ;initializer for _lat_registers
    74   0012A0  89                 	db	137
    75   0012A1  0F                 	db	15
    76   0012A2  8A                 	db	138
    77   0012A3  0F                 	db	15
    78   0012A4  8B                 	db	139
    79   0012A5  0F                 	db	15
    80   0012A6  8C                 	db	140
    81   0012A7  0F                 	db	15
    82   0012A8  8D                 	db	141
    83   0012A9  0F                 	db	15
    84                           
    85                           ;initializer for _tris_registers
    86   0012AA  92                 	db	146
    87   0012AB  0F                 	db	15
    88   0012AC  93                 	db	147
    89   0012AD  0F                 	db	15
    90   0012AE  94                 	db	148
    91   0012AF  0F                 	db	15
    92   0012B0  95                 	db	149
    93   0012B1  0F                 	db	15
    94   0012B2  96                 	db	150
    95   0012B3  0F                 	db	15
    96                           
    97                           	psect	nvCOMRAM
    98   000031                     __pnvCOMRAM:
    99                           	callstack 0
   100   000031                     _number_BCD:
   101                           	callstack 0
   102   000031                     	ds	1
   103   000000                     _PORTE	set	3972
   104   000000                     _PORTD	set	3971
   105   000000                     _PORTC	set	3970
   106   000000                     _PORTB	set	3969
   107   000000                     _PORTA	set	3968
   108   000000                     _LATA	set	3977
   109   000000                     _TRISA	set	3986
   110   000000                     _TRISE	set	3990
   111   000000                     _TRISD	set	3989
   112   000000                     _TRISC	set	3988
   113   000000                     _TRISB	set	3987
   114   000000                     _LATE	set	3981
   115   000000                     _LATD	set	3980
   116   000000                     _LATC	set	3979
   117   000000                     _LATB	set	3978
   118                           
   119                           ; #config settings
   120                           
   121                           	psect	cinit
   122   001260                     __pcinit:
   123                           	callstack 0
   124   001260                     start_initialization:
   125                           	callstack 0
   126   001260                     __initialization:
   127                           	callstack 0
   128                           
   129                           ; Initialize objects allocated to COMRAM (30 bytes)
   130                           ; load TBLPTR registers with __pidataCOMRAM
   131   001260  0E96               	movlw	low __pidataCOMRAM
   132   001262  6EF6               	movwf	tblptrl,c
   133   001264  0E12               	movlw	high __pidataCOMRAM
   134   001266  6EF7               	movwf	tblptrh,c
   135   001268  0E00               	movlw	low (__pidataCOMRAM shr (0+16))
   136   00126A  6EF8               	movwf	tblptru,c
   137   00126C  EE00  F001         	lfsr	0,__pdataCOMRAM
   138   001270  EE10 F01E          	lfsr	1,30
   139   001274                     copy_data0:
   140   001274  0009               	tblrd		*+
   141   001276  CFF5 FFEE          	movff	tablat,postinc0
   142   00127A  50E5               	movf	postdec1,w,c
   143   00127C  50E1               	movf	fsr1l,w,c
   144   00127E  E1FA               	bnz	copy_data0
   145                           
   146                           ; Clear objects allocated to COMRAM (8 bytes)
   147   001280  EE00  F029         	lfsr	0,__pbssCOMRAM
   148   001284  0E08               	movlw	8
   149   001286                     clear_0:
   150   001286  6AEE               	clrf	postinc0,c
   151   001288  06E8               	decf	wreg,f,c
   152   00128A  E1FD               	bnz	clear_0
   153   00128C                     end_of_initialization:
   154                           	callstack 0
   155   00128C                     __end_of__initialization:
   156                           	callstack 0
   157   00128C  0E00               	movlw	low (__Lmediumconst shr (0+16))
   158   00128E  6EF8               	movwf	tblptru,c
   159   001290  0100               	movlb	0
   160   001292  EFBB  F008         	goto	_main	;jump to C main() function
   161                           
   162                           	psect	bssCOMRAM
   163   000029                     __pbssCOMRAM:
   164                           	callstack 0
   165   000029                     _number:
   166                           	callstack 0
   167   000029                     	ds	1
   168   00002A                     relay_trun_off@F2898:
   169                           	callstack 0
   170   00002A                     	ds	1
   171   00002B                     relay_trun_on@F2893:
   172                           	callstack 0
   173   00002B                     	ds	1
   174   00002C                     relay_initialize@F2888:
   175                           	callstack 0
   176   00002C                     	ds	1
   177   00002D                     led_turn_toggle@F2909:
   178                           	callstack 0
   179   00002D                     	ds	1
   180   00002E                     led_turn_off@F2904:
   181                           	callstack 0
   182   00002E                     	ds	1
   183   00002F                     led_turn_on@F2899:
   184                           	callstack 0
   185   00002F                     	ds	1
   186   000030                     led_initialize@F2894:
   187                           	callstack 0
   188   000030                     	ds	1
   189                           
   190                           	psect	dataCOMRAM
   191   000001                     __pdataCOMRAM:
   192                           	callstack 0
   193   000001                     _port_registers:
   194                           	callstack 0
   195   000001                     	ds	10
   196   00000B                     _lat_registers:
   197                           	callstack 0
   198   00000B                     	ds	10
   199   000015                     _tris_registers:
   200                           	callstack 0
   201   000015                     	ds	10
   202                           
   203                           	psect	cstackCOMRAM
   204   00001F                     __pcstackCOMRAM:
   205                           	callstack 0
   206   00001F                     ?___awdiv:
   207                           	callstack 0
   208   00001F                     ?___awmod:
   209                           	callstack 0
   210   00001F                     gpio_port_direction_intialize@direction:
   211                           	callstack 0
   212   00001F                     gpio_port_write_logic@logic:
   213                           	callstack 0
   214   00001F                     ___awdiv@dividend:
   215                           	callstack 0
   216   00001F                     ___awmod@dividend:
   217                           	callstack 0
   218                           
   219                           ; 2 bytes @ 0x0
   220   00001F                     	ds	1
   221   000020                     ??_gpio_port_direction_intialize:
   222   000020                     ??_gpio_port_write_logic:
   223                           
   224                           ; 1 bytes @ 0x1
   225   000020                     	ds	1
   226   000021                     ___awdiv@divisor:
   227                           	callstack 0
   228   000021                     ___awmod@divisor:
   229                           	callstack 0
   230                           
   231                           ; 2 bytes @ 0x2
   232   000021                     	ds	1
   233   000022                     gpio_port_direction_intialize@ret:
   234                           	callstack 0
   235   000022                     gpio_port_write_logic@ret:
   236                           	callstack 0
   237                           
   238                           ; 1 bytes @ 0x3
   239   000022                     	ds	1
   240   000023                     gpio_port_direction_intialize@port:
   241                           	callstack 0
   242   000023                     gpio_port_write_logic@port:
   243                           	callstack 0
   244   000023                     ___awdiv@counter:
   245                           	callstack 0
   246   000023                     ___awmod@counter:
   247                           	callstack 0
   248                           
   249                           ; 1 bytes @ 0x4
   250   000023                     	ds	1
   251   000024                     ___awdiv@sign:
   252                           	callstack 0
   253   000024                     ___awmod@sign:
   254                           	callstack 0
   255                           
   256                           ; 1 bytes @ 0x5
   257   000024                     	ds	1
   258   000025                     ___awdiv@quotient:
   259                           	callstack 0
   260                           
   261                           ; 2 bytes @ 0x6
   262   000025                     	ds	2
   263   000027                     ??_main:
   264                           
   265                           ; 1 bytes @ 0x8
   266   000027                     	ds	2
   267                           
   268 ;;
   269 ;;Main: autosize = 0, tempsize = 2, incstack = 0, save=0
   270 ;;
   271 ;; *************** function _main *****************
   272 ;; Defined at:
   273 ;;		line 14 in file "application.c"
   274 ;; Parameters:    Size  Location     Type
   275 ;;		None
   276 ;; Auto vars:     Size  Location     Type
   277 ;;  ret             1    0        unsigned char 
   278 ;; Return value:  Size  Location     Type
   279 ;;                  2  212[None  ] int 
   280 ;; Registers used:
   281 ;;		wreg, fsr2l, fsr2h, status,2, status,0, prodl, prodh, cstack
   282 ;; Tracked objects:
   283 ;;		On entry : 0/0
   284 ;;		On exit  : 0/0
   285 ;;		Unchanged: 0/0
   286 ;; Data sizes:     COMRAM   BANK0   BANK1   BANK2   BANK3   BANK4   BANK5   BANK6   BANK7   BANK8   BANK9  BANK10  BANK1
      +1  BANK12  BANK13  BANK14  BANK15
   287 ;;      Params:         0       0       0       0       0       0       0       0       0       0       0       0       
      +0       0       0       0       0
   288 ;;      Locals:         0       0       0       0       0       0       0       0       0       0       0       0       
      +0       0       0       0       0
   289 ;;      Temps:          2       0       0       0       0       0       0       0       0       0       0       0       
      +0       0       0       0       0
   290 ;;      Totals:         2       0       0       0       0       0       0       0       0       0       0       0       
      +0       0       0       0       0
   291 ;;Total ram usage:        2 bytes
   292 ;; Hardware stack levels required when called: 2
   293 ;; This function calls:
   294 ;;		___awdiv
   295 ;;		___awmod
   296 ;;		_application_intialize
   297 ;;		_gpio_port_write_logic
   298 ;; This function is called by:
   299 ;;		Startup code after reset
   300 ;; This function uses a non-reentrant model
   301 ;;
   302                           
   303                           	psect	text0
   304   001176                     __ptext0:
   305                           	callstack 0
   306   001176                     _main:
   307                           	callstack 29
   308   001176                     
   309                           ;application.c: 16:     application_intialize();
   310   001176  EC5A  F009         	call	_application_intialize	;wreg free
   311   00117A                     l1471:
   312                           
   313                           ;application.c: 19:         number_BCD = (((uint8) number % 10) | (((uint8) number / 10)
      +                           << 4));
   314   00117A  C029  F01F         	movff	_number,___awdiv@dividend
   315   00117E  6A20               	clrf	(___awdiv@dividend+1)^0,c
   316   001180  0E00               	movlw	0
   317   001182  6E22               	movwf	(___awdiv@divisor+1)^0,c
   318   001184  0E0A               	movlw	10
   319   001186  6E21               	movwf	___awdiv@divisor^0,c
   320   001188  EC01  F008         	call	___awdiv	;wreg free
   321   00118C  C01F  F027         	movff	?___awdiv,??_main
   322   001190  C020  F028         	movff	?___awdiv+1,??_main+1
   323   001194  3A27               	swapf	??_main^0,f,c
   324   001196  0EF0               	movlw	240
   325   001198  1627               	andwf	??_main^0,f,c
   326   00119A  C029  F01F         	movff	_number,___awmod@dividend
   327   00119E  6A20               	clrf	(___awmod@dividend+1)^0,c
   328   0011A0  0E00               	movlw	0
   329   0011A2  6E22               	movwf	(___awmod@divisor+1)^0,c
   330   0011A4  0E0A               	movlw	10
   331   0011A6  6E21               	movwf	___awmod@divisor^0,c
   332   0011A8  EC63  F008         	call	___awmod	;wreg free
   333   0011AC  501F               	movf	?___awmod^0,w,c
   334   0011AE  1027               	iorwf	??_main^0,w,c
   335   0011B0  6E31               	movwf	_number_BCD^0,c
   336   0011B2  C031  F01F         	movff	_number_BCD,gpio_port_write_logic@logic
   337   0011B6  0E02               	movlw	2
   338   0011B8  ECEE  F008         	call	_gpio_port_write_logic
   339   0011BC                     
   340                           ;application.c: 21:         number++;
   341   0011BC  2A29               	incf	_number^0,f,c
   342   0011BE                     
   343                           ;application.c: 22:         _delay((unsigned long)((250)*(8000000UL/4000.0)));
   344   0011BE  0E03               	movlw	3
   345   0011C0  6E28               	movwf	(??_main+1)^0,c
   346   0011C2  0E8A               	movlw	138
   347   0011C4  6E27               	movwf	??_main^0,c
   348   0011C6  0E56               	movlw	86
   349   0011C8                     u817:
   350   0011C8  2EE8               	decfsz	wreg,f,c
   351   0011CA  D7FE               	bra	u817
   352   0011CC  2E27               	decfsz	??_main^0,f,c
   353   0011CE  D7FC               	bra	u817
   354   0011D0  2E28               	decfsz	(??_main+1)^0,f,c
   355   0011D2  D7FA               	bra	u817
   356   0011D4  EFBD  F008         	goto	l1471
   357   0011D8  EF00  F000         	goto	start
   358   0011DC                     __end_of_main:
   359                           	callstack 0
   360                           
   361 ;; *************** function _application_intialize *****************
   362 ;; Defined at:
   363 ;;		line 27 in file "application.c"
   364 ;; Parameters:    Size  Location     Type
   365 ;;		None
   366 ;; Auto vars:     Size  Location     Type
   367 ;;  ret             1    0        unsigned char 
   368 ;; Return value:  Size  Location     Type
   369 ;;                  1    wreg      void 
   370 ;; Registers used:
   371 ;;		wreg, fsr2l, fsr2h, status,2, status,0, prodl, prodh, cstack
   372 ;; Tracked objects:
   373 ;;		On entry : 0/0
   374 ;;		On exit  : 0/0
   375 ;;		Unchanged: 0/0
   376 ;; Data sizes:     COMRAM   BANK0   BANK1   BANK2   BANK3   BANK4   BANK5   BANK6   BANK7   BANK8   BANK9  BANK10  BANK1
      +1  BANK12  BANK13  BANK14  BANK15
   377 ;;      Params:         0       0       0       0       0       0       0       0       0       0       0       0       
      +0       0       0       0       0
   378 ;;      Locals:         0       0       0       0       0       0       0       0       0       0       0       0       
      +0       0       0       0       0
   379 ;;      Temps:          0       0       0       0       0       0       0       0       0       0       0       0       
      +0       0       0       0       0
   380 ;;      Totals:         0       0       0       0       0       0       0       0       0       0       0       0       
      +0       0       0       0       0
   381 ;;Total ram usage:        0 bytes
   382 ;; Hardware stack levels used: 1
   383 ;; Hardware stack levels required when called: 1
   384 ;; This function calls:
   385 ;;		_gpio_port_direction_intialize
   386 ;;		_gpio_port_write_logic
   387 ;; This function is called by:
   388 ;;		_main
   389 ;; This function uses a non-reentrant model
   390 ;;
   391                           
   392                           	psect	text1
   393   0012B4                     __ptext1:
   394                           	callstack 0
   395   0012B4                     _application_intialize:
   396                           	callstack 29
   397   0012B4  0E00               	movlw	0
   398   0012B6  6E1F               	movwf	gpio_port_direction_intialize@direction^0,c
   399   0012B8  0E02               	movlw	2
   400   0012BA  EC0F  F009         	call	_gpio_port_direction_intialize
   401   0012BE  0E00               	movlw	0
   402   0012C0  6E1F               	movwf	gpio_port_write_logic@logic^0,c
   403   0012C2  0E02               	movlw	2
   404   0012C4  ECEE  F008         	call	_gpio_port_write_logic
   405   0012C8  0012               	return		;funcret
   406   0012CA                     __end_of_application_intialize:
   407                           	callstack 0
   408                           
   409 ;; *************** function _gpio_port_write_logic *****************
   410 ;; Defined at:
   411 ;;		line 208 in file "MCAL_Layer/GPIO/hal_gpio.c"
   412 ;; Parameters:    Size  Location     Type
   413 ;;  port            1    wreg     enum E2832
   414 ;;  logic           1    0[COMRAM] unsigned char 
   415 ;; Auto vars:     Size  Location     Type
   416 ;;  port            1    4[COMRAM] enum E2832
   417 ;;  ret             1    3[COMRAM] unsigned char 
   418 ;; Return value:  Size  Location     Type
   419 ;;                  1    wreg      unsigned char 
   420 ;; Registers used:
   421 ;;		wreg, fsr2l, fsr2h, status,2, status,0, prodl, prodh
   422 ;; Tracked objects:
   423 ;;		On entry : 0/0
   424 ;;		On exit  : 0/0
   425 ;;		Unchanged: 0/0
   426 ;; Data sizes:     COMRAM   BANK0   BANK1   BANK2   BANK3   BANK4   BANK5   BANK6   BANK7   BANK8   BANK9  BANK10  BANK1
      +1  BANK12  BANK13  BANK14  BANK15
   427 ;;      Params:         1       0       0       0       0       0       0       0       0       0       0       0       
      +0       0       0       0       0
   428 ;;      Locals:         2       0       0       0       0       0       0       0       0       0       0       0       
      +0       0       0       0       0
   429 ;;      Temps:          2       0       0       0       0       0       0       0       0       0       0       0       
      +0       0       0       0       0
   430 ;;      Totals:         5       0       0       0       0       0       0       0       0       0       0       0       
      +0       0       0       0       0
   431 ;;Total ram usage:        5 bytes
   432 ;; Hardware stack levels used: 1
   433 ;; This function calls:
   434 ;;		Nothing
   435 ;; This function is called by:
   436 ;;		_main
   437 ;;		_application_intialize
   438 ;; This function uses a non-reentrant model
   439 ;;
   440                           
   441                           	psect	text2
   442   0011DC                     __ptext2:
   443                           	callstack 0
   444   0011DC                     _gpio_port_write_logic:
   445                           	callstack 30
   446                           
   447                           ;incstack = 0
   448                           ;gpio_port_write_logic@port stored from wreg
   449   0011DC  6E23               	movwf	gpio_port_write_logic@port^0,c
   450   0011DE                     
   451                           ;MCAL_Layer/GPIO/hal_gpio.c: 209:     Std_ReturnType ret = (Std_ReturnType)0x01;
   452   0011DE  0E01               	movlw	1
   453   0011E0  6E22               	movwf	gpio_port_write_logic@ret^0,c
   454   0011E2                     
   455                           ;MCAL_Layer/GPIO/hal_gpio.c: 210:     if(port > 5 -1){
   456   0011E2  0E04               	movlw	4
   457   0011E4  6423               	cpfsgt	gpio_port_write_logic@port^0,c
   458   0011E6  EFF7  F008         	goto	u681
   459   0011EA  EFF9  F008         	goto	u680
   460   0011EE                     u681:
   461   0011EE  EFFD  F008         	goto	l1375
   462   0011F2                     u680:
   463   0011F2                     
   464                           ;MCAL_Layer/GPIO/hal_gpio.c: 211:         ret = (Std_ReturnType)0x00;
   465   0011F2  0E00               	movlw	0
   466   0011F4  6E22               	movwf	gpio_port_write_logic@ret^0,c
   467                           
   468                           ;MCAL_Layer/GPIO/hal_gpio.c: 212:     }
   469   0011F6  EF0D  F009         	goto	l1377
   470   0011FA                     l1375:
   471                           
   472                           ;MCAL_Layer/GPIO/hal_gpio.c: 214:         *lat_registers[port] = logic;
   473   0011FA  5023               	movf	gpio_port_write_logic@port^0,w,c
   474   0011FC  0D02               	mullw	2
   475   0011FE  50F3               	movf	243,w,c
   476   001200  0F0B               	addlw	low _lat_registers
   477   001202  6ED9               	movwf	fsr2l,c
   478   001204  6ADA               	clrf	fsr2h,c
   479   001206  CFDE F020          	movff	postinc2,??_gpio_port_write_logic
   480   00120A  CFDD F021          	movff	postdec2,??_gpio_port_write_logic+1
   481   00120E  C020  FFD9         	movff	??_gpio_port_write_logic,fsr2l
   482   001212  C021  FFDA         	movff	??_gpio_port_write_logic+1,fsr2h
   483   001216  C01F  FFDF         	movff	gpio_port_write_logic@logic,indf2
   484   00121A                     l1377:
   485                           
   486                           ;MCAL_Layer/GPIO/hal_gpio.c: 216:     return ret;
   487   00121A  5022               	movf	gpio_port_write_logic@ret^0,w,c
   488   00121C  0012               	return		;funcret
   489   00121E                     __end_of_gpio_port_write_logic:
   490                           	callstack 0
   491                           
   492 ;; *************** function _gpio_port_direction_intialize *****************
   493 ;; Defined at:
   494 ;;		line 166 in file "MCAL_Layer/GPIO/hal_gpio.c"
   495 ;; Parameters:    Size  Location     Type
   496 ;;  port            1    wreg     enum E2832
   497 ;;  direction       1    0[COMRAM] unsigned char 
   498 ;; Auto vars:     Size  Location     Type
   499 ;;  port            1    4[COMRAM] enum E2832
   500 ;;  ret             1    3[COMRAM] unsigned char 
   501 ;; Return value:  Size  Location     Type
   502 ;;                  1    wreg      unsigned char 
   503 ;; Registers used:
   504 ;;		wreg, fsr2l, fsr2h, status,2, status,0, prodl, prodh
   505 ;; Tracked objects:
   506 ;;		On entry : 0/0
   507 ;;		On exit  : 0/0
   508 ;;		Unchanged: 0/0
   509 ;; Data sizes:     COMRAM   BANK0   BANK1   BANK2   BANK3   BANK4   BANK5   BANK6   BANK7   BANK8   BANK9  BANK10  BANK1
      +1  BANK12  BANK13  BANK14  BANK15
   510 ;;      Params:         1       0       0       0       0       0       0       0       0       0       0       0       
      +0       0       0       0       0
   511 ;;      Locals:         2       0       0       0       0       0       0       0       0       0       0       0       
      +0       0       0       0       0
   512 ;;      Temps:          2       0       0       0       0       0       0       0       0       0       0       0       
      +0       0       0       0       0
   513 ;;      Totals:         5       0       0       0       0       0       0       0       0       0       0       0       
      +0       0       0       0       0
   514 ;;Total ram usage:        5 bytes
   515 ;; Hardware stack levels used: 1
   516 ;; This function calls:
   517 ;;		Nothing
   518 ;; This function is called by:
   519 ;;		_application_intialize
   520 ;; This function uses a non-reentrant model
   521 ;;
   522                           
   523                           	psect	text3
   524   00121E                     __ptext3:
   525                           	callstack 0
   526   00121E                     _gpio_port_direction_intialize:
   527                           	callstack 29
   528                           
   529                           ;incstack = 0
   530                           ;gpio_port_direction_intialize@port stored from wreg
   531   00121E  6E23               	movwf	gpio_port_direction_intialize@port^0,c
   532   001220                     
   533                           ;MCAL_Layer/GPIO/hal_gpio.c: 167:     Std_ReturnType ret = (Std_ReturnType)0x01;
   534   001220  0E01               	movlw	1
   535   001222  6E22               	movwf	gpio_port_direction_intialize@ret^0,c
   536   001224                     
   537                           ;MCAL_Layer/GPIO/hal_gpio.c: 168:     if(port > 5 -1){
   538   001224  0E04               	movlw	4
   539   001226  6423               	cpfsgt	gpio_port_direction_intialize@port^0,c
   540   001228  EF18  F009         	goto	u671
   541   00122C  EF1A  F009         	goto	u670
   542   001230                     u671:
   543   001230  EF1E  F009         	goto	l1363
   544   001234                     u670:
   545   001234                     
   546                           ;MCAL_Layer/GPIO/hal_gpio.c: 169:         ret = (Std_ReturnType)0x00;
   547   001234  0E00               	movlw	0
   548   001236  6E22               	movwf	gpio_port_direction_intialize@ret^0,c
   549                           
   550                           ;MCAL_Layer/GPIO/hal_gpio.c: 170:     }
   551   001238  EF2E  F009         	goto	l1365
   552   00123C                     l1363:
   553                           
   554                           ;MCAL_Layer/GPIO/hal_gpio.c: 172:         *tris_registers[port] = direction;
   555   00123C  5023               	movf	gpio_port_direction_intialize@port^0,w,c
   556   00123E  0D02               	mullw	2
   557   001240  50F3               	movf	243,w,c
   558   001242  0F15               	addlw	low _tris_registers
   559   001244  6ED9               	movwf	fsr2l,c
   560   001246  6ADA               	clrf	fsr2h,c
   561   001248  CFDE F020          	movff	postinc2,??_gpio_port_direction_intialize
   562   00124C  CFDD F021          	movff	postdec2,??_gpio_port_direction_intialize+1
   563   001250  C020  FFD9         	movff	??_gpio_port_direction_intialize,fsr2l
   564   001254  C021  FFDA         	movff	??_gpio_port_direction_intialize+1,fsr2h
   565   001258  C01F  FFDF         	movff	gpio_port_direction_intialize@direction,indf2
   566   00125C                     l1365:
   567                           
   568                           ;MCAL_Layer/GPIO/hal_gpio.c: 174:     return ret;
   569   00125C  5022               	movf	gpio_port_direction_intialize@ret^0,w,c
   570   00125E  0012               	return		;funcret
   571   001260                     __end_of_gpio_port_direction_intialize:
   572                           	callstack 0
   573                           
   574 ;; *************** function ___awmod *****************
   575 ;; Defined at:
   576 ;;		line 7 in file "C:\Program Files\Microchip\xc8\v2.46\pic\sources\c99\common\awmod.c"
   577 ;; Parameters:    Size  Location     Type
   578 ;;  dividend        2    0[COMRAM] int 
   579 ;;  divisor         2    2[COMRAM] int 
   580 ;; Auto vars:     Size  Location     Type
   581 ;;  sign            1    5[COMRAM] unsigned char 
   582 ;;  counter         1    4[COMRAM] unsigned char 
   583 ;; Return value:  Size  Location     Type
   584 ;;                  2    0[COMRAM] int 
   585 ;; Registers used:
   586 ;;		wreg, status,2, status,0
   587 ;; Tracked objects:
   588 ;;		On entry : 0/0
   589 ;;		On exit  : 0/0
   590 ;;		Unchanged: 0/0
   591 ;; Data sizes:     COMRAM   BANK0   BANK1   BANK2   BANK3   BANK4   BANK5   BANK6   BANK7   BANK8   BANK9  BANK10  BANK1
      +1  BANK12  BANK13  BANK14  BANK15
   592 ;;      Params:         4       0       0       0       0       0       0       0       0       0       0       0       
      +0       0       0       0       0
   593 ;;      Locals:         2       0       0       0       0       0       0       0       0       0       0       0       
      +0       0       0       0       0
   594 ;;      Temps:          0       0       0       0       0       0       0       0       0       0       0       0       
      +0       0       0       0       0
   595 ;;      Totals:         6       0       0       0       0       0       0       0       0       0       0       0       
      +0       0       0       0       0
   596 ;;Total ram usage:        6 bytes
   597 ;; Hardware stack levels used: 1
   598 ;; This function calls:
   599 ;;		Nothing
   600 ;; This function is called by:
   601 ;;		_main
   602 ;; This function uses a non-reentrant model
   603 ;;
   604                           
   605                           	psect	text4
   606   0010C6                     __ptext4:
   607                           	callstack 0
   608   0010C6                     ___awmod:
   609                           	callstack 30
   610   0010C6  0E00               	movlw	0
   611   0010C8  6E24               	movwf	___awmod@sign^0,c
   612   0010CA  BE20               	btfsc	(___awmod@dividend+1)^0,7,c
   613   0010CC  EF6C  F008         	goto	u750
   614   0010D0  EF6A  F008         	goto	u751
   615   0010D4                     u751:
   616   0010D4  EF72  F008         	goto	l1439
   617   0010D8                     u750:
   618   0010D8  6C1F               	negf	___awmod@dividend^0,c
   619   0010DA  1E20               	comf	(___awmod@dividend+1)^0,f,c
   620   0010DC  B0D8               	btfsc	status,0,c
   621   0010DE  2A20               	incf	(___awmod@dividend+1)^0,f,c
   622   0010E0  0E01               	movlw	1
   623   0010E2  6E24               	movwf	___awmod@sign^0,c
   624   0010E4                     l1439:
   625   0010E4  BE22               	btfsc	(___awmod@divisor+1)^0,7,c
   626   0010E6  EF79  F008         	goto	u760
   627   0010EA  EF77  F008         	goto	u761
   628   0010EE                     u761:
   629   0010EE  EF7D  F008         	goto	l1443
   630   0010F2                     u760:
   631   0010F2  6C21               	negf	___awmod@divisor^0,c
   632   0010F4  1E22               	comf	(___awmod@divisor+1)^0,f,c
   633   0010F6  B0D8               	btfsc	status,0,c
   634   0010F8  2A22               	incf	(___awmod@divisor+1)^0,f,c
   635   0010FA                     l1443:
   636   0010FA  5021               	movf	___awmod@divisor^0,w,c
   637   0010FC  1022               	iorwf	(___awmod@divisor+1)^0,w,c
   638   0010FE  B4D8               	btfsc	status,2,c
   639   001100  EF84  F008         	goto	u771
   640   001104  EF86  F008         	goto	u770
   641   001108                     u771:
   642   001108  EFAA  F008         	goto	l1459
   643   00110C                     u770:
   644   00110C  0E01               	movlw	1
   645   00110E  6E23               	movwf	___awmod@counter^0,c
   646   001110  EF8E  F008         	goto	l1449
   647   001114                     l1447:
   648   001114  90D8               	bcf	status,0,c
   649   001116  3621               	rlcf	___awmod@divisor^0,f,c
   650   001118  3622               	rlcf	(___awmod@divisor+1)^0,f,c
   651   00111A  2A23               	incf	___awmod@counter^0,f,c
   652   00111C                     l1449:
   653   00111C  AE22               	btfss	(___awmod@divisor+1)^0,7,c
   654   00111E  EF93  F008         	goto	u781
   655   001122  EF95  F008         	goto	u780
   656   001126                     u781:
   657   001126  EF8A  F008         	goto	l1447
   658   00112A                     u780:
   659   00112A                     l1451:
   660   00112A  5021               	movf	___awmod@divisor^0,w,c
   661   00112C  5C1F               	subwf	___awmod@dividend^0,w,c
   662   00112E  5022               	movf	(___awmod@divisor+1)^0,w,c
   663   001130  5820               	subwfb	(___awmod@dividend+1)^0,w,c
   664   001132  A0D8               	btfss	status,0,c
   665   001134  EF9E  F008         	goto	u791
   666   001138  EFA0  F008         	goto	u790
   667   00113C                     u791:
   668   00113C  EFA4  F008         	goto	l1455
   669   001140                     u790:
   670   001140  5021               	movf	___awmod@divisor^0,w,c
   671   001142  5E1F               	subwf	___awmod@dividend^0,f,c
   672   001144  5022               	movf	(___awmod@divisor+1)^0,w,c
   673   001146  5A20               	subwfb	(___awmod@dividend+1)^0,f,c
   674   001148                     l1455:
   675   001148  90D8               	bcf	status,0,c
   676   00114A  3222               	rrcf	(___awmod@divisor+1)^0,f,c
   677   00114C  3221               	rrcf	___awmod@divisor^0,f,c
   678   00114E  2E23               	decfsz	___awmod@counter^0,f,c
   679   001150  EF95  F008         	goto	l1451
   680   001154                     l1459:
   681   001154  5024               	movf	___awmod@sign^0,w,c
   682   001156  B4D8               	btfsc	status,2,c
   683   001158  EFB0  F008         	goto	u801
   684   00115C  EFB2  F008         	goto	u800
   685   001160                     u801:
   686   001160  EFB6  F008         	goto	l1463
   687   001164                     u800:
   688   001164  6C1F               	negf	___awmod@dividend^0,c
   689   001166  1E20               	comf	(___awmod@dividend+1)^0,f,c
   690   001168  B0D8               	btfsc	status,0,c
   691   00116A  2A20               	incf	(___awmod@dividend+1)^0,f,c
   692   00116C                     l1463:
   693   00116C  C01F  F01F         	movff	___awmod@dividend,?___awmod
   694   001170  C020  F020         	movff	___awmod@dividend+1,?___awmod+1
   695   001174  0012               	return		;funcret
   696   001176                     __end_of___awmod:
   697                           	callstack 0
   698                           
   699 ;; *************** function ___awdiv *****************
   700 ;; Defined at:
   701 ;;		line 7 in file "C:\Program Files\Microchip\xc8\v2.46\pic\sources\c99\common\awdiv.c"
   702 ;; Parameters:    Size  Location     Type
   703 ;;  dividend        2    0[COMRAM] int 
   704 ;;  divisor         2    2[COMRAM] int 
   705 ;; Auto vars:     Size  Location     Type
   706 ;;  quotient        2    6[COMRAM] int 
   707 ;;  sign            1    5[COMRAM] unsigned char 
   708 ;;  counter         1    4[COMRAM] unsigned char 
   709 ;; Return value:  Size  Location     Type
   710 ;;                  2    0[COMRAM] int 
   711 ;; Registers used:
   712 ;;		wreg, status,2, status,0
   713 ;; Tracked objects:
   714 ;;		On entry : 0/0
   715 ;;		On exit  : 0/0
   716 ;;		Unchanged: 0/0
   717 ;; Data sizes:     COMRAM   BANK0   BANK1   BANK2   BANK3   BANK4   BANK5   BANK6   BANK7   BANK8   BANK9  BANK10  BANK1
      +1  BANK12  BANK13  BANK14  BANK15
   718 ;;      Params:         4       0       0       0       0       0       0       0       0       0       0       0       
      +0       0       0       0       0
   719 ;;      Locals:         4       0       0       0       0       0       0       0       0       0       0       0       
      +0       0       0       0       0
   720 ;;      Temps:          0       0       0       0       0       0       0       0       0       0       0       0       
      +0       0       0       0       0
   721 ;;      Totals:         8       0       0       0       0       0       0       0       0       0       0       0       
      +0       0       0       0       0
   722 ;;Total ram usage:        8 bytes
   723 ;; Hardware stack levels used: 1
   724 ;; This function calls:
   725 ;;		Nothing
   726 ;; This function is called by:
   727 ;;		_main
   728 ;; This function uses a non-reentrant model
   729 ;;
   730                           
   731                           	psect	text5
   732   001002                     __ptext5:
   733                           	callstack 0
   734   001002                     ___awdiv:
   735                           	callstack 30
   736   001002  0E00               	movlw	0
   737   001004  6E24               	movwf	___awdiv@sign^0,c
   738   001006  BE22               	btfsc	(___awdiv@divisor+1)^0,7,c
   739   001008  EF0A  F008         	goto	u690
   740   00100C  EF08  F008         	goto	u691
   741   001010                     u691:
   742   001010  EF10  F008         	goto	l1395
   743   001014                     u690:
   744   001014  6C21               	negf	___awdiv@divisor^0,c
   745   001016  1E22               	comf	(___awdiv@divisor+1)^0,f,c
   746   001018  B0D8               	btfsc	status,0,c
   747   00101A  2A22               	incf	(___awdiv@divisor+1)^0,f,c
   748   00101C  0E01               	movlw	1
   749   00101E  6E24               	movwf	___awdiv@sign^0,c
   750   001020                     l1395:
   751   001020  BE20               	btfsc	(___awdiv@dividend+1)^0,7,c
   752   001022  EF17  F008         	goto	u700
   753   001026  EF15  F008         	goto	u701
   754   00102A                     u701:
   755   00102A  EF1D  F008         	goto	l1401
   756   00102E                     u700:
   757   00102E  6C1F               	negf	___awdiv@dividend^0,c
   758   001030  1E20               	comf	(___awdiv@dividend+1)^0,f,c
   759   001032  B0D8               	btfsc	status,0,c
   760   001034  2A20               	incf	(___awdiv@dividend+1)^0,f,c
   761   001036  0E01               	movlw	1
   762   001038  1A24               	xorwf	___awdiv@sign^0,f,c
   763   00103A                     l1401:
   764   00103A  0E00               	movlw	0
   765   00103C  6E26               	movwf	(___awdiv@quotient+1)^0,c
   766   00103E  0E00               	movlw	0
   767   001040  6E25               	movwf	___awdiv@quotient^0,c
   768   001042  5021               	movf	___awdiv@divisor^0,w,c
   769   001044  1022               	iorwf	(___awdiv@divisor+1)^0,w,c
   770   001046  B4D8               	btfsc	status,2,c
   771   001048  EF28  F008         	goto	u711
   772   00104C  EF2A  F008         	goto	u710
   773   001050                     u711:
   774   001050  EF52  F008         	goto	l1423
   775   001054                     u710:
   776   001054  0E01               	movlw	1
   777   001056  6E23               	movwf	___awdiv@counter^0,c
   778   001058  EF32  F008         	goto	l1409
   779   00105C                     l1407:
   780   00105C  90D8               	bcf	status,0,c
   781   00105E  3621               	rlcf	___awdiv@divisor^0,f,c
   782   001060  3622               	rlcf	(___awdiv@divisor+1)^0,f,c
   783   001062  2A23               	incf	___awdiv@counter^0,f,c
   784   001064                     l1409:
   785   001064  AE22               	btfss	(___awdiv@divisor+1)^0,7,c
   786   001066  EF37  F008         	goto	u721
   787   00106A  EF39  F008         	goto	u720
   788   00106E                     u721:
   789   00106E  EF2E  F008         	goto	l1407
   790   001072                     u720:
   791   001072                     l1411:
   792   001072  90D8               	bcf	status,0,c
   793   001074  3625               	rlcf	___awdiv@quotient^0,f,c
   794   001076  3626               	rlcf	(___awdiv@quotient+1)^0,f,c
   795   001078  5021               	movf	___awdiv@divisor^0,w,c
   796   00107A  5C1F               	subwf	___awdiv@dividend^0,w,c
   797   00107C  5022               	movf	(___awdiv@divisor+1)^0,w,c
   798   00107E  5820               	subwfb	(___awdiv@dividend+1)^0,w,c
   799   001080  A0D8               	btfss	status,0,c
   800   001082  EF45  F008         	goto	u731
   801   001086  EF47  F008         	goto	u730
   802   00108A                     u731:
   803   00108A  EF4C  F008         	goto	l1419
   804   00108E                     u730:
   805   00108E  5021               	movf	___awdiv@divisor^0,w,c
   806   001090  5E1F               	subwf	___awdiv@dividend^0,f,c
   807   001092  5022               	movf	(___awdiv@divisor+1)^0,w,c
   808   001094  5A20               	subwfb	(___awdiv@dividend+1)^0,f,c
   809   001096  8025               	bsf	___awdiv@quotient^0,0,c
   810   001098                     l1419:
   811   001098  90D8               	bcf	status,0,c
   812   00109A  3222               	rrcf	(___awdiv@divisor+1)^0,f,c
   813   00109C  3221               	rrcf	___awdiv@divisor^0,f,c
   814   00109E  2E23               	decfsz	___awdiv@counter^0,f,c
   815   0010A0  EF39  F008         	goto	l1411
   816   0010A4                     l1423:
   817   0010A4  5024               	movf	___awdiv@sign^0,w,c
   818   0010A6  B4D8               	btfsc	status,2,c
   819   0010A8  EF58  F008         	goto	u741
   820   0010AC  EF5A  F008         	goto	u740
   821   0010B0                     u741:
   822   0010B0  EF5E  F008         	goto	l1427
   823   0010B4                     u740:
   824   0010B4  6C25               	negf	___awdiv@quotient^0,c
   825   0010B6  1E26               	comf	(___awdiv@quotient+1)^0,f,c
   826   0010B8  B0D8               	btfsc	status,0,c
   827   0010BA  2A26               	incf	(___awdiv@quotient+1)^0,f,c
   828   0010BC                     l1427:
   829   0010BC  C025  F01F         	movff	___awdiv@quotient,?___awdiv
   830   0010C0  C026  F020         	movff	___awdiv@quotient+1,?___awdiv+1
   831   0010C4  0012               	return		;funcret
   832   0010C6                     __end_of___awdiv:
   833                           	callstack 0
   834                           
   835                           	psect	smallconst
   836   001000                     __psmallconst:
   837                           	callstack 0
   838   001000  00                 	db	0
   839   001001  00                 	db	0	; dummy byte at the end
   840   000000                     
   841                           	psect	rparam
   842   000000                     
   843                           	psect	config
   844                           
   845                           ; Padding undefined space
   846   300000                     	org	3145728
   847   300000  FF                 	db	255
   848                           
   849                           ;Config register CONFIG1H @ 0x300001
   850                           ;	Oscillator Selection bits
   851                           ;	OSC = HS, HS oscillator
   852                           ;	Fail-Safe Clock Monitor Enable bit
   853                           ;	FCMEN = OFF, Fail-Safe Clock Monitor disabled
   854                           ;	Internal/External Oscillator Switchover bit
   855                           ;	IESO = OFF, Oscillator Switchover mode disabled
   856   300001                     	org	3145729
   857   300001  02                 	db	2
   858                           
   859                           ;Config register CONFIG2L @ 0x300002
   860                           ;	Power-up Timer Enable bit
   861                           ;	PWRT = OFF, PWRT disabled
   862                           ;	Brown-out Reset Enable bits
   863                           ;	BOREN = SBORDIS, Brown-out Reset enabled in hardware only (SBOREN is disabled)
   864                           ;	Brown Out Reset Voltage bits
   865                           ;	BORV = 3, Minimum setting
   866   300002                     	org	3145730
   867   300002  1F                 	db	31
   868                           
   869                           ;Config register CONFIG2H @ 0x300003
   870                           ;	Watchdog Timer Enable bit
   871                           ;	WDT = OFF, WDT disabled (control is placed on the SWDTEN bit)
   872                           ;	Watchdog Timer Postscale Select bits
   873                           ;	WDTPS = 32768, 1:32768
   874   300003                     	org	3145731
   875   300003  1E                 	db	30
   876                           
   877                           ; Padding undefined space
   878   300004                     	org	3145732
   879   300004  FF                 	db	255
   880                           
   881                           ;Config register CONFIG3H @ 0x300005
   882                           ;	CCP2 MUX bit
   883                           ;	CCP2MX = PORTC, CCP2 input/output is multiplexed with RC1
   884                           ;	PORTB A/D Enable bit
   885                           ;	PBADEN = OFF, PORTB<4:0> pins are configured as digital I/O on Reset
   886                           ;	Low-Power Timer1 Oscillator Enable bit
   887                           ;	LPT1OSC = OFF, Timer1 configured for higher power operation
   888                           ;	MCLR Pin Enable bit
   889                           ;	MCLRE = ON, MCLR pin enabled; RE3 input pin disabled
   890   300005                     	org	3145733
   891   300005  81                 	db	129
   892                           
   893                           ;Config register CONFIG4L @ 0x300006
   894                           ;	Stack Full/Underflow Reset Enable bit
   895                           ;	STVREN = ON, Stack full/underflow will cause Reset
   896                           ;	Single-Supply ICSP Enable bit
   897                           ;	LVP = OFF, Single-Supply ICSP disabled
   898                           ;	Extended Instruction Set Enable bit
   899                           ;	XINST = OFF, Instruction set extension and Indexed Addressing mode disabled (Legacy mo
      +                          de)
   900                           ;	Background Debugger Enable bit
   901                           ;	DEBUG = 0x1, unprogrammed default
   902   300006                     	org	3145734
   903   300006  81                 	db	129
   904                           
   905                           ; Padding undefined space
   906   300007                     	org	3145735
   907   300007  FF                 	db	255
   908                           
   909                           ;Config register CONFIG5L @ 0x300008
   910                           ;	Code Protection bit
   911                           ;	CP0 = OFF, Block 0 (000800-003FFFh) not code-protected
   912                           ;	Code Protection bit
   913                           ;	CP1 = OFF, Block 1 (004000-007FFFh) not code-protected
   914                           ;	Code Protection bit
   915                           ;	CP2 = OFF, Block 2 (008000-00BFFFh) not code-protected
   916                           ;	Code Protection bit
   917                           ;	CP3 = OFF, Block 3 (00C000-00FFFFh) not code-protected
   918   300008                     	org	3145736
   919   300008  0F                 	db	15
   920                           
   921                           ;Config register CONFIG5H @ 0x300009
   922                           ;	Boot Block Code Protection bit
   923                           ;	CPB = OFF, Boot block (000000-0007FFh) not code-protected
   924                           ;	Data EEPROM Code Protection bit
   925                           ;	CPD = OFF, Data EEPROM not code-protected
   926   300009                     	org	3145737
   927   300009  C0                 	db	192
   928                           
   929                           ;Config register CONFIG6L @ 0x30000A
   930                           ;	Write Protection bit
   931                           ;	WRT0 = OFF, Block 0 (000800-003FFFh) not write-protected
   932                           ;	Write Protection bit
   933                           ;	WRT1 = OFF, Block 1 (004000-007FFFh) not write-protected
   934                           ;	Write Protection bit
   935                           ;	WRT2 = OFF, Block 2 (008000-00BFFFh) not write-protected
   936                           ;	Write Protection bit
   937                           ;	WRT3 = OFF, Block 3 (00C000-00FFFFh) not write-protected
   938   30000A                     	org	3145738
   939   30000A  0F                 	db	15
   940                           
   941                           ;Config register CONFIG6H @ 0x30000B
   942                           ;	Configuration Register Write Protection bit
   943                           ;	WRTC = OFF, Configuration registers (300000-3000FFh) not write-protected
   944                           ;	Boot Block Write Protection bit
   945                           ;	WRTB = OFF, Boot Block (000000-0007FFh) not write-protected
   946                           ;	Data EEPROM Write Protection bit
   947                           ;	WRTD = OFF, Data EEPROM not write-protected
   948   30000B                     	org	3145739
   949   30000B  E0                 	db	224
   950                           
   951                           ;Config register CONFIG7L @ 0x30000C
   952                           ;	Table Read Protection bit
   953                           ;	EBTR0 = OFF, Block 0 (000800-003FFFh) not protected from table reads executed in other
      +                           blocks
   954                           ;	Table Read Protection bit
   955                           ;	EBTR1 = OFF, Block 1 (004000-007FFFh) not protected from table reads executed in other
      +                           blocks
   956                           ;	Table Read Protection bit
   957                           ;	EBTR2 = OFF, Block 2 (008000-00BFFFh) not protected from table reads executed in other
      +                           blocks
   958                           ;	Table Read Protection bit
   959                           ;	EBTR3 = OFF, Block 3 (00C000-00FFFFh) not protected from table reads executed in other
      +                           blocks
   960   30000C                     	org	3145740
   961   30000C  0F                 	db	15
   962                           
   963                           ;Config register CONFIG7H @ 0x30000D
   964                           ;	Boot Block Table Read Protection bit
   965                           ;	EBTRB = OFF, Boot Block (000000-0007FFh) not protected from table reads executed in ot
      +                          her blocks
   966   30000D                     	org	3145741
   967   30000D  40                 	db	64
   968                           tosu	equ	0xFFF
   969                           tosh	equ	0xFFE
   970                           tosl	equ	0xFFD
   971                           stkptr	equ	0xFFC
   972                           pclatu	equ	0xFFB
   973                           pclath	equ	0xFFA
   974                           pcl	equ	0xFF9
   975                           tblptru	equ	0xFF8
   976                           tblptrh	equ	0xFF7
   977                           tblptrl	equ	0xFF6
   978                           tablat	equ	0xFF5
   979                           prodh	equ	0xFF4
   980                           prodl	equ	0xFF3
   981                           indf0	equ	0xFEF
   982                           postinc0	equ	0xFEE
   983                           postdec0	equ	0xFED
   984                           preinc0	equ	0xFEC
   985                           plusw0	equ	0xFEB
   986                           fsr0h	equ	0xFEA
   987                           fsr0l	equ	0xFE9
   988                           wreg	equ	0xFE8
   989                           indf1	equ	0xFE7
   990                           postinc1	equ	0xFE6
   991                           postdec1	equ	0xFE5
   992                           preinc1	equ	0xFE4
   993                           plusw1	equ	0xFE3
   994                           fsr1h	equ	0xFE2
   995                           fsr1l	equ	0xFE1
   996                           bsr	equ	0xFE0
   997                           indf2	equ	0xFDF
   998                           postinc2	equ	0xFDE
   999                           postdec2	equ	0xFDD
  1000                           preinc2	equ	0xFDC
  1001                           plusw2	equ	0xFDB
  1002                           fsr2h	equ	0xFDA
  1003                           fsr2l	equ	0xFD9
  1004                           status	equ	0xFD8

Data Sizes:
    Strings     0
    Constant    0
    Data        30
    BSS         8
    Persistent  1
    Stack       0

Auto Spaces:
    Space          Size  Autos    Used
    COMRAM          127     10      49
    BANK0           128      0       0
    BANK1           256      0       0
    BANK2           256      0       0
    BANK3           256      0       0
    BANK4           256      0       0
    BANK5           256      0       0
    BANK6           256      0       0
    BANK7           256      0       0
    BANK8           256      0       0
    BANK9           256      0       0
    BANK10          256      0       0
    BANK11          256      0       0
    BANK12          256      0       0
    BANK13          256      0       0
    BANK14          256      0       0
    BANK15          128      0       0

Pointer List with Targets:

    lat_registers	PTR volatile unsigned char [5] size(2) Largest target is 1
		 -> LATA(BITBIGSFRll[1]), LATB(BITBIGSFRlh[1]), LATC(BITBIGSFRlh[1]), LATD(BITBIGSFRlh[1]), 
		 -> LATE(BITBIGSFRlh[1]), 

    port_registers	PTR volatile unsigned char [5] size(2) Largest target is 1
		 -> PORTA(BITBIGSFRll[1]), PORTB(BITBIGSFRll[1]), PORTC(BITBIGSFRll[1]), PORTD(BITBIGSFRll[1]), 
		 -> PORTE(BITBIGSFRll[1]), 

    tris_registers	PTR volatile unsigned char [5] size(2) Largest target is 1
		 -> TRISA(BITBIGSFRll[1]), TRISB(BITBIGSFRh[1]), TRISC(BITBIGSFRh[1]), TRISD(BITBIGSFRh[1]), 
		 -> TRISE(BITBIGSFRh[1]), 


Critical Paths under _main in COMRAM

    _main->___awdiv
    _application_intialize->_gpio_port_direction_intialize
    _application_intialize->_gpio_port_write_logic

Critical Paths under _main in BANK0

    None.

Critical Paths under _main in BANK1

    None.

Critical Paths under _main in BANK2

    None.

Critical Paths under _main in BANK3

    None.

Critical Paths under _main in BANK4

    None.

Critical Paths under _main in BANK5

    None.

Critical Paths under _main in BANK6

    None.

Critical Paths under _main in BANK7

    None.

Critical Paths under _main in BANK8

    None.

Critical Paths under _main in BANK9

    None.

Critical Paths under _main in BANK10

    None.

Critical Paths under _main in BANK11

    None.

Critical Paths under _main in BANK12

    None.

Critical Paths under _main in BANK13

    None.

Critical Paths under _main in BANK14

    None.

Critical Paths under _main in BANK15

    None.

Call Graph Tables:

 ---------------------------------------------------------------------------------
 (Depth) Function   	        Calls       Base Space   Used Autos Params    Refs
 ---------------------------------------------------------------------------------
 (0) _main                                                 3     3      0    1555
                                              8 COMRAM     2     2      0
                            ___awdiv
                            ___awmod
              _application_intialize
              _gpio_port_write_logic
 ---------------------------------------------------------------------------------
 (1) _application_intialize                                1     1      0     411
      _gpio_port_direction_intialize
              _gpio_port_write_logic
 ---------------------------------------------------------------------------------
 (1) _gpio_port_write_logic                                5     4      1     242
                                              0 COMRAM     5     4      1
 ---------------------------------------------------------------------------------
 (2) _gpio_port_direction_intialize                        5     4      1     166
                                              0 COMRAM     5     4      1
 ---------------------------------------------------------------------------------
 (1) ___awmod                                              6     2      4     448
                                              0 COMRAM     6     2      4
 ---------------------------------------------------------------------------------
 (1) ___awdiv                                              8     4      4     452
                                              0 COMRAM     8     4      4
 ---------------------------------------------------------------------------------
 Estimated maximum stack depth 2
 ---------------------------------------------------------------------------------

 Call Graph Graphs:

 _main (ROOT)
   ___awdiv
   ___awmod
   _application_intialize
     _gpio_port_direction_intialize
     _gpio_port_write_logic
   _gpio_port_write_logic

 Address spaces:
Name               Size   Autos  Total    Cost      Usage
BIGRAM             F7F      0       0      40        0.0%
EEDATA             400      0       0       0        0.0%
BITBANK14          100      0       0      32        0.0%
BANK14             100      0       0      33        0.0%
BITBANK13          100      0       0      30        0.0%
BANK13             100      0       0      31        0.0%
BITBANK12          100      0       0      28        0.0%
BANK12             100      0       0      29        0.0%
BITBANK11          100      0       0      26        0.0%
BANK11             100      0       0      27        0.0%
BITBANK10          100      0       0      24        0.0%
BANK10             100      0       0      25        0.0%
BITBANK9           100      0       0      22        0.0%
BANK9              100      0       0      23        0.0%
BITBANK8           100      0       0      20        0.0%
BANK8              100      0       0      21        0.0%
BITBANK7           100      0       0      18        0.0%
BANK7              100      0       0      19        0.0%
BITBANK6           100      0       0      16        0.0%
BANK6              100      0       0      17        0.0%
BITBANK5           100      0       0      14        0.0%
BANK5              100      0       0      15        0.0%
BITBANK4           100      0       0      12        0.0%
BANK4              100      0       0      13        0.0%
BITBANK3           100      0       0      10        0.0%
BANK3              100      0       0      11        0.0%
BITBANK2           100      0       0       8        0.0%
BANK2              100      0       0       9        0.0%
BITBANK1           100      0       0       6        0.0%
BANK1              100      0       0       7        0.0%
BITBANK15           80      0       0      34        0.0%
BANK15              80      0       0      35        0.0%
BITBANK0            80      0       0       4        0.0%
BANK0               80      0       0       5        0.0%
BITCOMRAM           7F      0       0       0        0.0%
COMRAM              7F      A      31       1       38.6%
BITBIGSFRh          69      0       0      36        0.0%
BITBIGSFRlh          4      0       0      37        0.0%
BITBIGSFRll          4      0       0      38        0.0%
BIGSFR               0      0       0     200        0.0%
BITSFR               0      0       0     200        0.0%
SFR                  0      0       0     200        0.0%
STACK                0      0       0       2        0.0%
NULL                 0      0       0       0        0.0%
ABS                  0      0      31      39        0.0%
DATA                 0      0      31       3        0.0%
CODE                 0      0       0       0        0.0%


Microchip Technology PIC18 Macro Assembler V2.46 build 20240104201356 
Symbol Table                                                                                   Sat Aug 02 03:04:37 2025

                          ___awdiv@sign 0024                                     l219 12C8  
                                   l176 125E                                     l186 121C  
                                   l490 1174                                     l477 10C4  
                                   u700 102E                                     u701 102A  
                                   u710 1054                                     u711 1050  
                                   u720 1072                                     u800 1164  
                                   u721 106E                                     u801 1160  
                                   u730 108E                                     u731 108A  
                                   u740 10B4                                     u741 10B0  
                                   u750 10D8                                     u670 1234  
                                   u751 10D4                                     u671 1230  
                                   u760 10F2                                     u680 11F2  
                                   u761 10EE                                     u681 11EE  
                                   u817 11C8                                     u690 1014  
                                   u770 110C                                     u691 1010  
                                   u771 1108                                     u780 112A  
                                   u781 1126                                     u790 1140  
                                   u791 113C                            ___awmod@sign 0024  
                   led_initialize@F2894 0030                                     wreg 0FE8  
                 relay_initialize@F2888 002C                                    l1401 103A  
                                  l1411 1072                                    l1403 1042  
                                  l1421 109E                                    l1413 1078  
                                  l1405 1054                                    l1415 108E  
                                  l1407 105C                                    l1423 10A4  
                                  l1431 10C6                                    l1425 10B4  
                                  l1417 1096                                    l1409 1064  
                                  l1441 10F2                                    l1433 10CA  
                                  l1361 1234                                    l1427 10BC  
                                  l1419 1098                                    l1451 112A  
                                  l1443 10FA                                    l1435 10D8  
                                  l1363 123C                                    l1371 11E2  
                                  l1461 1164                                    l1453 1140  
                                  l1445 110C                                    l1437 10E0  
                                  l1365 125C                                    l1357 1220  
                                  l1373 11F2                                    l1381 12B4  
                                  l1391 1014                                    l1463 116C  
                                  l1455 1148                                    l1447 1114  
                                  l1439 10E4                                    l1359 1224  
                                  l1375 11FA                                    l1383 12B4  
                                  l1471 117A                                    l1393 101C  
                                  l1457 114E                                    l1449 111C  
                                  l1377 121A                                    l1369 11DE  
                                  l1385 12BE                                    l1473 11B2  
                                  l1395 1020                                    l1387 1002  
                                  l1459 1154                                    l1475 11BC  
                                  l1467 1176                                    l1397 102E  
                                  l1389 1006                                    l1477 11BE  
                                  l1469 1176                                    l1399 1036  
                                  _LATA 0F89                                    _LATB 0F8A  
                                  _LATC 0F8B                                    _LATD 0F8C  
                                  _LATE 0F8D                 ??_application_intialize 0024  
                                  _main 1176                                    fsr2h 0FDA  
                                  indf2 0FDF                                    fsr1l 0FE1  
                                  fsr2l 0FD9                                    prodl 0FF3  
                                  start 0000                            ___param_bank 0000  
                 _gpio_port_write_logic 11DC                                   ?_main 001F  
                       __end_of___awdiv 10C6                         __end_of___awmod 1176  
                       ___awdiv@divisor 0021                         ___awdiv@counter 0023  
                                 _PORTA 0F80                                   _PORTB 0F81  
                                 _PORTC 0F82                                   _PORTD 0F83  
                                 _PORTE 0F84                                   _TRISA 0F92  
                                 _TRISB 0F93                                   _TRISC 0F94  
                                 _TRISD 0F95                                   _TRISE 0F96  
                                 tablat 0FF5                                   status 0FD8  
gpio_port_direction_intialize@direction 001F                         __initialization 1260  
                          __end_of_main 11DC                           _lat_registers 000B  
                                ??_main 0027                           __activetblptr 0002  
                      led_turn_on@F2899 002F          ?_gpio_port_direction_intialize 001F  
                      ___awdiv@dividend 001F               gpio_port_write_logic@port 0023  
                ?_gpio_port_write_logic 001F                               ??___awdiv 0023  
                             ??___awmod 0023                                  clear_0 1286  
                      ___awdiv@quotient 0025                         ___awmod@divisor 0021  
                                isa$std 0001                                  _number 0029  
                       ___awmod@counter 0023                            __pdataCOMRAM 0001  
                          __mediumconst 0000                                  tblptrh 0FF7  
                                tblptrl 0FF6                                  tblptru 0FF8  
                            __accesstop 0080                 __end_of__initialization 128C  
                         ___rparam_used 0001                          __pcstackCOMRAM 001F  
              gpio_port_write_logic@ret 0022                              __pnvCOMRAM 0031  
         __end_of_application_intialize 12CA                       led_turn_off@F2904 002E  
                  led_turn_toggle@F2909 002D                          _tris_registers 0015  
                               __Hparam 0000                                 __Lparam 0000  
                               ___awdiv 1002                                 ___awmod 10C6  
                          __psmallconst 1000                                 __pcinit 1260  
                               __ramtop 1000                                 __ptext0 1176  
                               __ptext1 12B4                                 __ptext2 11DC  
                               __ptext3 121E                                 __ptext4 10C6  
                               __ptext5 1002                        ___awmod@dividend 001F  
                  end_of_initialization 128C                           __Lmediumconst 0000  
       ??_gpio_port_direction_intialize 0020                 ??_gpio_port_write_logic 0020  
                               postdec1 0FE5                                 postdec2 0FDD  
                               postinc0 0FEE                                 postinc2 0FDE  
                            _number_BCD 0031                      relay_trun_on@F2893 002B  
                         __pidataCOMRAM 1296                     start_initialization 1260  
 __end_of_gpio_port_direction_intialize 1260           _gpio_port_direction_intialize 121E  
     gpio_port_direction_intialize@port 0023                             __pbssCOMRAM 0029  
                 _application_intialize 12B4                                ?___awdiv 001F  
                              ?___awmod 001F                             __smallconst 1000  
         __end_of_gpio_port_write_logic 121E                               copy_data0 1274  
                ?_application_intialize 001F                                __Hrparam 0000  
                              __Lrparam 0000        gpio_port_direction_intialize@ret 0022  
                              isa$xinst 0000                          _port_registers 0001  
            gpio_port_write_logic@logic 001F                     relay_trun_off@F2898 002A  
